2019-11-08 14:18:59.200  INFO 7884 --- [main] com.example.demo.DemoApplication         : Starting DemoApplication on DESKTOP-H0QQEJ9 with PID 7884 (C:\Users\koese\Documents\workspace-spring-tool-suite-4-4.4.1.RELEASE\demo\target\classes started by koese in C:\Users\koese\Documents\workspace-spring-tool-suite-4-4.4.1.RELEASE\demo)
2019-11-08 14:18:59.218  INFO 7884 --- [main] com.example.demo.DemoApplication         : No active profile set, falling back to default profiles: default
2019-11-08 14:19:00.045  INFO 7884 --- [main] .s.d.r.c.RepositoryConfigurationDelegate : Bootstrapping Spring Data repositories in DEFAULT mode.
2019-11-08 14:19:00.075  INFO 7884 --- [main] .s.d.r.c.RepositoryConfigurationDelegate : Finished Spring Data repository scanning in 14ms. Found 0 repository interfaces.
2019-11-08 14:19:00.487  INFO 7884 --- [main] trationDelegate$BeanPostProcessorChecker : Bean 'org.springframework.transaction.annotation.ProxyTransactionManagementConfiguration' of type [org.springframework.transaction.annotation.ProxyTransactionManagementConfiguration] is not eligible for getting processed by all BeanPostProcessors (for example: not eligible for auto-proxying)
2019-11-08 14:19:00.838  INFO 7884 --- [main] o.s.b.w.embedded.tomcat.TomcatWebServer  : Tomcat initialized with port(s): 8080 (http)
2019-11-08 14:19:00.847  INFO 7884 --- [main] o.apache.catalina.core.StandardService   : Starting service [Tomcat]
2019-11-08 14:19:00.848  INFO 7884 --- [main] org.apache.catalina.core.StandardEngine  : Starting Servlet engine: [Apache Tomcat/9.0.27]
2019-11-08 14:19:00.957  INFO 7884 --- [main] o.a.c.c.C.[Tomcat].[localhost].[/]       : Initializing Spring embedded WebApplicationContext
2019-11-08 14:19:00.958  INFO 7884 --- [main] o.s.web.context.ContextLoader            : Root WebApplicationContext: initialization completed in 1663 ms
2019-11-08 14:19:01.164  INFO 7884 --- [main] o.hibernate.jpa.internal.util.LogHelper  : HHH000204: Processing PersistenceUnitInfo [name: default]
2019-11-08 14:19:01.243  INFO 7884 --- [main] org.hibernate.Version                    : HHH000412: Hibernate Core {5.4.8.Final}
2019-11-08 14:19:01.383  INFO 7884 --- [main] o.hibernate.annotations.common.Version   : HCANN000001: Hibernate Commons Annotations {5.1.0.Final}
2019-11-08 14:19:01.499  INFO 7884 --- [main] com.zaxxer.hikari.HikariDataSource       : HikariPool-1 - Starting...
2019-11-08 14:19:01.790  INFO 7884 --- [main] com.zaxxer.hikari.HikariDataSource       : HikariPool-1 - Start completed.
2019-11-08 14:19:01.796  INFO 7884 --- [main] org.hibernate.dialect.Dialect            : HHH000400: Using dialect: org.hibernate.dialect.MySQL5InnoDBDialect
2019-11-08 14:19:02.527  INFO 7884 --- [main] o.h.e.t.j.p.i.JtaPlatformInitiator       : HHH000490: Using JtaPlatform implementation: [org.hibernate.engine.transaction.jta.platform.internal.NoJtaPlatform]
2019-11-08 14:19:02.542  INFO 7884 --- [main] j.LocalContainerEntityManagerFactoryBean : Initialized JPA EntityManagerFactory for persistence unit 'default'
2019-11-08 14:19:02.610  WARN 7884 --- [main] JpaBaseConfiguration$JpaWebConfiguration : spring.jpa.open-in-view is enabled by default. Therefore, database queries may be performed during view rendering. Explicitly configure spring.jpa.open-in-view to disable this warning
2019-11-08 14:19:02.744  INFO 7884 --- [main] o.s.s.concurrent.ThreadPoolTaskExecutor  : Initializing ExecutorService 'applicationTaskExecutor'
2019-11-08 14:19:03.016  INFO 7884 --- [main] o.s.b.w.embedded.tomcat.TomcatWebServer  : Tomcat started on port(s): 8080 (http) with context path ''
2019-11-08 14:19:03.019  INFO 7884 --- [main] com.example.demo.DemoApplication         : Started DemoApplication in 4.333 seconds (JVM running for 5.235)
2019-11-08 14:48:33.738  INFO 7884 --- [RMI TCP Connection(44)-127.0.0.1] inMXBeanRegistrar$SpringApplicationAdmin : Application shutdown requested.
2019-11-08 14:48:33.741  INFO 7884 --- [RMI TCP Connection(44)-127.0.0.1] o.s.s.concurrent.ThreadPoolTaskExecutor  : Shutting down ExecutorService 'applicationTaskExecutor'
2019-11-08 14:48:33.744  INFO 7884 --- [RMI TCP Connection(44)-127.0.0.1] j.LocalContainerEntityManagerFactoryBean : Closing JPA EntityManagerFactory for persistence unit 'default'
2019-11-08 14:48:33.749  INFO 7884 --- [RMI TCP Connection(44)-127.0.0.1] com.zaxxer.hikari.HikariDataSource       : HikariPool-1 - Shutdown initiated...
2019-11-08 14:48:33.755  INFO 7884 --- [RMI TCP Connection(44)-127.0.0.1] com.zaxxer.hikari.HikariDataSource       : HikariPool-1 - Shutdown completed.
